{"/home/serhii/test-weismann/src/App.tsx": {"path":"/home/serhii/test-weismann/src/App.tsx","all":false,"statementMap":{"0":{"start":{"line":1,"column":0},"end":{"line":1,"column":63}},"1":{"start":{"line":2,"column":0},"end":{"line":2,"column":49}},"2":{"start":{"line":3,"column":0},"end":{"line":3,"column":0}},"3":{"start":{"line":4,"column":0},"end":{"line":4,"column":16}},"4":{"start":{"line":5,"column":0},"end":{"line":5,"column":40}},"5":{"start":{"line":6,"column":0},"end":{"line":6,"column":10}},"6":{"start":{"line":7,"column":0},"end":{"line":7,"column":46}},"7":{"start":{"line":8,"column":0},"end":{"line":8,"column":18}},"8":{"start":{"line":9,"column":0},"end":{"line":9,"column":26}},"9":{"start":{"line":10,"column":0},"end":{"line":10,"column":4}},"10":{"start":{"line":11,"column":0},"end":{"line":11,"column":1}},"11":{"start":{"line":12,"column":0},"end":{"line":12,"column":0}},"12":{"start":{"line":13,"column":0},"end":{"line":13,"column":19}}},"s":{"0":1,"1":1,"2":1,"3":1,"4":1,"5":1,"6":1,"7":1,"8":1,"9":1,"10":1,"11":1,"12":1},"branchMap":{"0":{"type":"branch","line":4,"loc":{"start":{"line":4,"column":0},"end":{"line":11,"column":1}},"locations":[{"start":{"line":4,"column":0},"end":{"line":11,"column":1}}]}},"b":{"0":[1]},"fnMap":{"0":{"name":"App","decl":{"start":{"line":4,"column":0},"end":{"line":11,"column":1}},"loc":{"start":{"line":4,"column":0},"end":{"line":11,"column":1}},"line":4}},"f":{"0":1}}
,"/home/serhii/test-weismann/src/api/axiosConfig.ts": {"path":"/home/serhii/test-weismann/src/api/axiosConfig.ts","all":false,"statementMap":{"0":{"start":{"line":1,"column":0},"end":{"line":1,"column":26}},"1":{"start":{"line":2,"column":0},"end":{"line":2,"column":41}},"2":{"start":{"line":3,"column":0},"end":{"line":3,"column":0}},"3":{"start":{"line":4,"column":0},"end":{"line":4,"column":36}},"4":{"start":{"line":5,"column":0},"end":{"line":5,"column":30}},"5":{"start":{"line":6,"column":0},"end":{"line":6,"column":17}},"6":{"start":{"line":7,"column":0},"end":{"line":7,"column":12}},"7":{"start":{"line":8,"column":0},"end":{"line":8,"column":39}},"8":{"start":{"line":9,"column":0},"end":{"line":9,"column":4}},"9":{"start":{"line":10,"column":0},"end":{"line":10,"column":3}},"10":{"start":{"line":11,"column":0},"end":{"line":11,"column":0}},"11":{"start":{"line":12,"column":0},"end":{"line":12,"column":29}}},"s":{"0":1,"1":1,"2":1,"3":1,"4":1,"5":1,"6":1,"7":1,"8":1,"9":1,"10":1,"11":1},"branchMap":{},"b":{},"fnMap":{},"f":{}}
,"/home/serhii/test-weismann/src/api/config/ApiPaths.ts": {"path":"/home/serhii/test-weismann/src/api/config/ApiPaths.ts","all":false,"statementMap":{"0":{"start":{"line":1,"column":0},"end":{"line":1,"column":18}},"1":{"start":{"line":2,"column":0},"end":{"line":2,"column":37}},"2":{"start":{"line":3,"column":0},"end":{"line":3,"column":35}},"3":{"start":{"line":4,"column":0},"end":{"line":4,"column":2}},"4":{"start":{"line":5,"column":0},"end":{"line":5,"column":24}}},"s":{"0":1,"1":1,"2":1,"3":1,"4":1},"branchMap":{},"b":{},"fnMap":{},"f":{}}
,"/home/serhii/test-weismann/src/api/queries/useProducts.ts": {"path":"/home/serhii/test-weismann/src/api/queries/useProducts.ts","all":false,"statementMap":{"0":{"start":{"line":1,"column":0},"end":{"line":1,"column":55}},"1":{"start":{"line":2,"column":0},"end":{"line":2,"column":56}},"2":{"start":{"line":3,"column":0},"end":{"line":3,"column":47}},"3":{"start":{"line":4,"column":0},"end":{"line":4,"column":51}},"4":{"start":{"line":5,"column":0},"end":{"line":5,"column":0}},"5":{"start":{"line":6,"column":0},"end":{"line":6,"column":75}},"6":{"start":{"line":7,"column":0},"end":{"line":7,"column":18}},"7":{"start":{"line":8,"column":0},"end":{"line":8,"column":26}},"8":{"start":{"line":9,"column":0},"end":{"line":9,"column":17}},"9":{"start":{"line":10,"column":0},"end":{"line":10,"column":40}},"10":{"start":{"line":11,"column":0},"end":{"line":11,"column":45}},"11":{"start":{"line":12,"column":0},"end":{"line":12,"column":6}},"12":{"start":{"line":13,"column":0},"end":{"line":13,"column":5}},"13":{"start":{"line":14,"column":0},"end":{"line":14,"column":19}},"14":{"start":{"line":15,"column":0},"end":{"line":15,"column":20}},"15":{"start":{"line":16,"column":0},"end":{"line":16,"column":34}},"16":{"start":{"line":17,"column":0},"end":{"line":17,"column":5}},"17":{"start":{"line":18,"column":0},"end":{"line":18,"column":4}},"18":{"start":{"line":19,"column":0},"end":{"line":19,"column":2}},"19":{"start":{"line":20,"column":0},"end":{"line":20,"column":0}},"20":{"start":{"line":21,"column":0},"end":{"line":21,"column":32}}},"s":{"0":1,"1":1,"2":1,"3":1,"4":1,"5":1,"6":1,"7":1,"8":1,"9":1,"10":0,"11":1,"12":1,"13":1,"14":1,"15":1,"16":1,"17":1,"18":1,"19":1,"20":1},"branchMap":{"0":{"type":"branch","line":6,"loc":{"start":{"line":6,"column":68},"end":{"line":19,"column":2}},"locations":[{"start":{"line":6,"column":68},"end":{"line":19,"column":2}}]},"1":{"type":"branch","line":9,"loc":{"start":{"line":9,"column":4},"end":{"line":12,"column":6}},"locations":[{"start":{"line":9,"column":4},"end":{"line":12,"column":6}}]},"2":{"type":"branch","line":10,"loc":{"start":{"line":10,"column":38},"end":{"line":11,"column":45}},"locations":[{"start":{"line":10,"column":38},"end":{"line":11,"column":45}}]}},"b":{"0":[1],"1":[1],"2":[0]},"fnMap":{"0":{"name":"useProductsQuery","decl":{"start":{"line":6,"column":68},"end":{"line":19,"column":2}},"loc":{"start":{"line":6,"column":68},"end":{"line":19,"column":2}},"line":6},"1":{"name":"__vite_ssr_import_0__.useQuery.retry","decl":{"start":{"line":9,"column":4},"end":{"line":12,"column":6}},"loc":{"start":{"line":9,"column":4},"end":{"line":12,"column":6}},"line":9}},"f":{"0":1,"1":1}}
,"/home/serhii/test-weismann/src/api/services/productsService.ts": {"path":"/home/serhii/test-weismann/src/api/services/productsService.ts","all":false,"statementMap":{"0":{"start":{"line":1,"column":0},"end":{"line":1,"column":43}},"1":{"start":{"line":2,"column":0},"end":{"line":2,"column":42}},"2":{"start":{"line":3,"column":0},"end":{"line":3,"column":0}},"3":{"start":{"line":4,"column":0},"end":{"line":4,"column":35}},"4":{"start":{"line":5,"column":0},"end":{"line":5,"column":65}},"5":{"start":{"line":6,"column":0},"end":{"line":6,"column":23}},"6":{"start":{"line":7,"column":0},"end":{"line":7,"column":2}},"7":{"start":{"line":8,"column":0},"end":{"line":8,"column":0}},"8":{"start":{"line":9,"column":0},"end":{"line":9,"column":29}}},"s":{"0":1,"1":1,"2":1,"3":1,"4":1,"5":0,"6":0,"7":1,"8":1},"branchMap":{"0":{"type":"branch","line":4,"loc":{"start":{"line":4,"column":22},"end":{"line":7,"column":2}},"locations":[{"start":{"line":4,"column":22},"end":{"line":7,"column":2}}]},"1":{"type":"branch","line":5,"loc":{"start":{"line":5,"column":63},"end":{"line":7,"column":2}},"locations":[{"start":{"line":5,"column":63},"end":{"line":7,"column":2}}]}},"b":{"0":[1],"1":[0]},"fnMap":{"0":{"name":"fetchProducts","decl":{"start":{"line":4,"column":22},"end":{"line":7,"column":2}},"loc":{"start":{"line":4,"column":22},"end":{"line":7,"column":2}},"line":4}},"f":{"0":1}}
,"/home/serhii/test-weismann/src/api/utils/resToProducts.ts": {"path":"/home/serhii/test-weismann/src/api/utils/resToProducts.ts","all":false,"statementMap":{"0":{"start":{"line":1,"column":0},"end":{"line":1,"column":47}},"1":{"start":{"line":2,"column":0},"end":{"line":2,"column":0}},"2":{"start":{"line":3,"column":0},"end":{"line":3,"column":28}},"3":{"start":{"line":4,"column":0},"end":{"line":4,"column":13}},"4":{"start":{"line":5,"column":0},"end":{"line":5,"column":16}},"5":{"start":{"line":6,"column":0},"end":{"line":6,"column":16}},"6":{"start":{"line":7,"column":0},"end":{"line":7,"column":19}},"7":{"start":{"line":8,"column":0},"end":{"line":8,"column":22}},"8":{"start":{"line":9,"column":0},"end":{"line":9,"column":29}},"9":{"start":{"line":10,"column":0},"end":{"line":10,"column":19}},"10":{"start":{"line":11,"column":0},"end":{"line":11,"column":16}},"11":{"start":{"line":12,"column":0},"end":{"line":12,"column":17}},"12":{"start":{"line":13,"column":0},"end":{"line":13,"column":16}},"13":{"start":{"line":14,"column":0},"end":{"line":14,"column":20}},"14":{"start":{"line":15,"column":0},"end":{"line":15,"column":1}},"15":{"start":{"line":16,"column":0},"end":{"line":16,"column":64}},"16":{"start":{"line":17,"column":0},"end":{"line":17,"column":10}},"17":{"start":{"line":18,"column":0},"end":{"line":18,"column":30}},"18":{"start":{"line":19,"column":0},"end":{"line":19,"column":25}},"19":{"start":{"line":20,"column":0},"end":{"line":20,"column":4}},"20":{"start":{"line":21,"column":0},"end":{"line":21,"column":2}},"21":{"start":{"line":22,"column":0},"end":{"line":22,"column":0}},"22":{"start":{"line":23,"column":0},"end":{"line":23,"column":29}}},"s":{"0":1,"1":1,"2":1,"3":1,"4":1,"5":1,"6":1,"7":1,"8":1,"9":1,"10":1,"11":1,"12":1,"13":1,"14":1,"15":1,"16":0,"17":0,"18":0,"19":0,"20":0,"21":1,"22":1},"branchMap":{},"b":{},"fnMap":{"0":{"name":"resToProducts","decl":{"start":{"line":16,"column":22},"end":{"line":21,"column":2}},"loc":{"start":{"line":16,"column":22},"end":{"line":21,"column":2}},"line":16}},"f":{"0":0}}
,"/home/serhii/test-weismann/src/atoms/button/Button.tsx": {"path":"/home/serhii/test-weismann/src/atoms/button/Button.tsx","all":false,"statementMap":{"0":{"start":{"line":1,"column":0},"end":{"line":1,"column":34}},"1":{"start":{"line":2,"column":0},"end":{"line":2,"column":0}},"2":{"start":{"line":3,"column":0},"end":{"line":3,"column":23}},"3":{"start":{"line":4,"column":0},"end":{"line":4,"column":16}},"4":{"start":{"line":5,"column":0},"end":{"line":5,"column":23}},"5":{"start":{"line":6,"column":0},"end":{"line":6,"column":21}},"6":{"start":{"line":7,"column":0},"end":{"line":7,"column":39}},"7":{"start":{"line":8,"column":0},"end":{"line":8,"column":1}},"8":{"start":{"line":9,"column":0},"end":{"line":9,"column":0}},"9":{"start":{"line":10,"column":0},"end":{"line":10,"column":34}},"10":{"start":{"line":11,"column":0},"end":{"line":11,"column":8}},"11":{"start":{"line":12,"column":0},"end":{"line":12,"column":10}},"12":{"start":{"line":13,"column":0},"end":{"line":13,"column":12}},"13":{"start":{"line":14,"column":0},"end":{"line":14,"column":18}},"14":{"start":{"line":15,"column":0},"end":{"line":15,"column":7}},"15":{"start":{"line":16,"column":0},"end":{"line":16,"column":10}},"16":{"start":{"line":17,"column":0},"end":{"line":17,"column":11}},"17":{"start":{"line":18,"column":0},"end":{"line":18,"column":23}},"18":{"start":{"line":19,"column":0},"end":{"line":19,"column":140}},"19":{"start":{"line":20,"column":0},"end":{"line":20,"column":17}},"20":{"start":{"line":21,"column":0},"end":{"line":21,"column":5}},"21":{"start":{"line":22,"column":0},"end":{"line":22,"column":13}},"22":{"start":{"line":23,"column":0},"end":{"line":23,"column":13}},"23":{"start":{"line":24,"column":0},"end":{"line":24,"column":4}},"24":{"start":{"line":25,"column":0},"end":{"line":25,"column":2}},"25":{"start":{"line":26,"column":0},"end":{"line":26,"column":0}},"26":{"start":{"line":27,"column":0},"end":{"line":27,"column":22}}},"s":{"0":1,"1":1,"2":1,"3":1,"4":1,"5":1,"6":1,"7":1,"8":1,"9":1,"10":41,"11":41,"12":41,"13":41,"14":41,"15":41,"16":41,"17":41,"18":41,"19":41,"20":41,"21":41,"22":41,"23":41,"24":41,"25":1,"26":1},"branchMap":{"0":{"type":"branch","line":10,"loc":{"start":{"line":10,"column":32},"end":{"line":25,"column":2}},"locations":[{"start":{"line":10,"column":32},"end":{"line":25,"column":2}}]}},"b":{"0":[41]},"fnMap":{"0":{"name":"Button","decl":{"start":{"line":10,"column":32},"end":{"line":25,"column":2}},"loc":{"start":{"line":10,"column":32},"end":{"line":25,"column":2}},"line":10}},"f":{"0":41}}
,"/home/serhii/test-weismann/src/atoms/listItem/ListItem.tsx": {"path":"/home/serhii/test-weismann/src/atoms/listItem/ListItem.tsx","all":false,"statementMap":{"0":{"start":{"line":1,"column":0},"end":{"line":1,"column":34}},"1":{"start":{"line":2,"column":0},"end":{"line":2,"column":57}},"2":{"start":{"line":3,"column":0},"end":{"line":3,"column":0}},"3":{"start":{"line":4,"column":0},"end":{"line":4,"column":39}},"4":{"start":{"line":5,"column":0},"end":{"line":5,"column":5}},"5":{"start":{"line":6,"column":0},"end":{"line":6,"column":8}},"6":{"start":{"line":7,"column":0},"end":{"line":7,"column":8}},"7":{"start":{"line":8,"column":0},"end":{"line":8,"column":13}},"8":{"start":{"line":9,"column":0},"end":{"line":9,"column":17}},"9":{"start":{"line":10,"column":0},"end":{"line":10,"column":7}},"10":{"start":{"line":11,"column":0},"end":{"line":11,"column":10}},"11":{"start":{"line":12,"column":0},"end":{"line":12,"column":7}},"12":{"start":{"line":13,"column":0},"end":{"line":13,"column":67}},"13":{"start":{"line":14,"column":0},"end":{"line":14,"column":39}},"14":{"start":{"line":15,"column":0},"end":{"line":15,"column":9}},"15":{"start":{"line":16,"column":0},"end":{"line":16,"column":58}},"16":{"start":{"line":17,"column":0},"end":{"line":17,"column":5}},"17":{"start":{"line":18,"column":0},"end":{"line":18,"column":51}},"18":{"start":{"line":19,"column":0},"end":{"line":19,"column":9}},"19":{"start":{"line":20,"column":0},"end":{"line":20,"column":4}},"20":{"start":{"line":21,"column":0},"end":{"line":21,"column":2}},"21":{"start":{"line":22,"column":0},"end":{"line":22,"column":0}},"22":{"start":{"line":23,"column":0},"end":{"line":23,"column":24}}},"s":{"0":1,"1":1,"2":1,"3":1,"4":55,"5":55,"6":55,"7":55,"8":55,"9":55,"10":55,"11":55,"12":55,"13":55,"14":55,"15":55,"16":55,"17":55,"18":55,"19":55,"20":55,"21":1,"22":1},"branchMap":{"0":{"type":"branch","line":4,"loc":{"start":{"line":4,"column":37},"end":{"line":21,"column":2}},"locations":[{"start":{"line":4,"column":37},"end":{"line":21,"column":2}}]},"1":{"type":"branch","line":14,"loc":{"start":{"line":14,"column":8},"end":{"line":14,"column":37}},"locations":[{"start":{"line":14,"column":8},"end":{"line":14,"column":37}}]},"2":{"type":"branch","line":14,"loc":{"start":{"line":14,"column":21},"end":{"line":14,"column":39}},"locations":[{"start":{"line":14,"column":21},"end":{"line":14,"column":39}}]},"3":{"type":"branch","line":18,"loc":{"start":{"line":18,"column":15},"end":{"line":18,"column":51}},"locations":[{"start":{"line":18,"column":15},"end":{"line":18,"column":51}}]},"4":{"type":"branch","line":16,"loc":{"start":{"line":16,"column":15},"end":{"line":16,"column":58}},"locations":[{"start":{"line":16,"column":15},"end":{"line":16,"column":58}}]}},"b":{"0":[55],"1":[17],"2":[38],"3":[38],"4":[2]},"fnMap":{"0":{"name":"ListItem","decl":{"start":{"line":4,"column":37},"end":{"line":21,"column":2}},"loc":{"start":{"line":4,"column":37},"end":{"line":21,"column":2}},"line":4},"1":{"name":"onClick","decl":{"start":{"line":16,"column":15},"end":{"line":16,"column":58}},"loc":{"start":{"line":16,"column":15},"end":{"line":16,"column":58}},"line":16}},"f":{"0":55,"1":2}}
,"/home/serhii/test-weismann/src/hooks/useToggleSelection.ts": {"path":"/home/serhii/test-weismann/src/hooks/useToggleSelection.ts","all":false,"statementMap":{"0":{"start":{"line":1,"column":0},"end":{"line":1,"column":46}},"1":{"start":{"line":2,"column":0},"end":{"line":2,"column":0}},"2":{"start":{"line":3,"column":0},"end":{"line":3,"column":33}},"3":{"start":{"line":4,"column":0},"end":{"line":4,"column":26}},"4":{"start":{"line":5,"column":0},"end":{"line":5,"column":40}},"5":{"start":{"line":6,"column":0},"end":{"line":6,"column":28}},"6":{"start":{"line":7,"column":0},"end":{"line":7,"column":2}},"7":{"start":{"line":8,"column":0},"end":{"line":8,"column":0}},"8":{"start":{"line":9,"column":0},"end":{"line":9,"column":60}},"9":{"start":{"line":10,"column":0},"end":{"line":10,"column":67}},"10":{"start":{"line":11,"column":0},"end":{"line":11,"column":0}},"11":{"start":{"line":12,"column":0},"end":{"line":12,"column":55}},"12":{"start":{"line":13,"column":0},"end":{"line":13,"column":40}},"13":{"start":{"line":14,"column":0},"end":{"line":14,"column":38}},"14":{"start":{"line":15,"column":0},"end":{"line":15,"column":62}},"15":{"start":{"line":16,"column":0},"end":{"line":16,"column":14}},"16":{"start":{"line":17,"column":0},"end":{"line":17,"column":37}},"17":{"start":{"line":18,"column":0},"end":{"line":18,"column":7}},"18":{"start":{"line":19,"column":0},"end":{"line":19,"column":7}},"19":{"start":{"line":20,"column":0},"end":{"line":20,"column":9}},"20":{"start":{"line":21,"column":0},"end":{"line":21,"column":0}},"21":{"start":{"line":22,"column":0},"end":{"line":22,"column":32}},"22":{"start":{"line":23,"column":0},"end":{"line":23,"column":25}},"23":{"start":{"line":24,"column":0},"end":{"line":24,"column":4}},"24":{"start":{"line":25,"column":0},"end":{"line":25,"column":0}},"25":{"start":{"line":26,"column":0},"end":{"line":26,"column":58}},"26":{"start":{"line":27,"column":0},"end":{"line":27,"column":2}},"27":{"start":{"line":28,"column":0},"end":{"line":28,"column":0}},"28":{"start":{"line":29,"column":0},"end":{"line":29,"column":34}}},"s":{"0":1,"1":1,"2":1,"3":1,"4":1,"5":1,"6":1,"7":1,"8":1,"9":2,"10":2,"11":2,"12":0,"13":0,"14":0,"15":0,"16":0,"17":0,"18":0,"19":2,"20":2,"21":2,"22":0,"23":0,"24":2,"25":2,"26":2,"27":1,"28":1},"branchMap":{"0":{"type":"branch","line":9,"loc":{"start":{"line":9,"column":27},"end":{"line":27,"column":2}},"locations":[{"start":{"line":9,"column":27},"end":{"line":27,"column":2}}]}},"b":{"0":[2]},"fnMap":{"0":{"name":"useToggleSelection","decl":{"start":{"line":9,"column":27},"end":{"line":27,"column":2}},"loc":{"start":{"line":9,"column":27},"end":{"line":27,"column":2}},"line":9},"1":{"name":"clearSelection","decl":{"start":{"line":22,"column":25},"end":{"line":24,"column":4}},"loc":{"start":{"line":22,"column":25},"end":{"line":24,"column":4}},"line":22}},"f":{"0":2,"1":0}}
,"/home/serhii/test-weismann/src/models/useProducts/useProducts.ts": {"path":"/home/serhii/test-weismann/src/models/useProducts/useProducts.ts","all":false,"statementMap":{"0":{"start":{"line":1,"column":0},"end":{"line":1,"column":54}},"1":{"start":{"line":2,"column":0},"end":{"line":2,"column":61}},"2":{"start":{"line":3,"column":0},"end":{"line":3,"column":26}},"3":{"start":{"line":4,"column":0},"end":{"line":4,"column":19}},"4":{"start":{"line":5,"column":0},"end":{"line":5,"column":1}},"5":{"start":{"line":6,"column":0},"end":{"line":6,"column":43}},"6":{"start":{"line":7,"column":0},"end":{"line":7,"column":38}},"7":{"start":{"line":8,"column":0},"end":{"line":8,"column":10}},"8":{"start":{"line":9,"column":0},"end":{"line":9,"column":21}},"9":{"start":{"line":10,"column":0},"end":{"line":10,"column":4}},"10":{"start":{"line":11,"column":0},"end":{"line":11,"column":2}},"11":{"start":{"line":12,"column":0},"end":{"line":12,"column":0}},"12":{"start":{"line":13,"column":0},"end":{"line":13,"column":27}}},"s":{"0":1,"1":1,"2":1,"3":1,"4":1,"5":1,"6":1,"7":1,"8":1,"9":1,"10":1,"11":1,"12":1},"branchMap":{"0":{"type":"branch","line":6,"loc":{"start":{"line":6,"column":20},"end":{"line":11,"column":2}},"locations":[{"start":{"line":6,"column":20},"end":{"line":11,"column":2}}]}},"b":{"0":[1]},"fnMap":{"0":{"name":"useProducts","decl":{"start":{"line":6,"column":20},"end":{"line":11,"column":2}},"loc":{"start":{"line":6,"column":20},"end":{"line":11,"column":2}},"line":6}},"f":{"0":1}}
,"/home/serhii/test-weismann/src/molecules/list/List.tsx": {"path":"/home/serhii/test-weismann/src/molecules/list/List.tsx","all":false,"statementMap":{"0":{"start":{"line":1,"column":0},"end":{"line":1,"column":34}},"1":{"start":{"line":2,"column":0},"end":{"line":2,"column":53}},"2":{"start":{"line":3,"column":0},"end":{"line":3,"column":76}},"3":{"start":{"line":4,"column":0},"end":{"line":4,"column":0}},"4":{"start":{"line":5,"column":0},"end":{"line":5,"column":29}},"5":{"start":{"line":6,"column":0},"end":{"line":6,"column":26}},"6":{"start":{"line":7,"column":0},"end":{"line":7,"column":47}},"7":{"start":{"line":8,"column":0},"end":{"line":8,"column":26}},"8":{"start":{"line":9,"column":0},"end":{"line":9,"column":1}},"9":{"start":{"line":10,"column":0},"end":{"line":10,"column":0}},"10":{"start":{"line":11,"column":0},"end":{"line":11,"column":80}},"11":{"start":{"line":12,"column":0},"end":{"line":12,"column":10}},"12":{"start":{"line":13,"column":0},"end":{"line":13,"column":8}},"13":{"start":{"line":14,"column":0},"end":{"line":14,"column":28}},"14":{"start":{"line":15,"column":0},"end":{"line":15,"column":17}},"15":{"start":{"line":16,"column":0},"end":{"line":16,"column":23}},"16":{"start":{"line":17,"column":0},"end":{"line":17,"column":22}},"17":{"start":{"line":18,"column":0},"end":{"line":18,"column":28}},"18":{"start":{"line":19,"column":0},"end":{"line":19,"column":28}},"19":{"start":{"line":20,"column":0},"end":{"line":20,"column":54}},"20":{"start":{"line":21,"column":0},"end":{"line":21,"column":45}},"21":{"start":{"line":22,"column":0},"end":{"line":22,"column":10}},"22":{"start":{"line":23,"column":0},"end":{"line":23,"column":9}},"23":{"start":{"line":24,"column":0},"end":{"line":24,"column":9}},"24":{"start":{"line":25,"column":0},"end":{"line":25,"column":4}},"25":{"start":{"line":26,"column":0},"end":{"line":26,"column":2}},"26":{"start":{"line":27,"column":0},"end":{"line":27,"column":0}},"27":{"start":{"line":28,"column":0},"end":{"line":28,"column":20}}},"s":{"0":1,"1":1,"2":1,"3":1,"4":1,"5":1,"6":1,"7":1,"8":1,"9":1,"10":1,"11":18,"12":18,"13":18,"14":49,"15":49,"16":49,"17":49,"18":49,"19":49,"20":49,"21":49,"22":18,"23":18,"24":18,"25":18,"26":1,"27":1},"branchMap":{"0":{"type":"branch","line":11,"loc":{"start":{"line":11,"column":29},"end":{"line":26,"column":2}},"locations":[{"start":{"line":11,"column":29},"end":{"line":26,"column":2}}]},"1":{"type":"branch","line":14,"loc":{"start":{"line":14,"column":17},"end":{"line":22,"column":10}},"locations":[{"start":{"line":14,"column":17},"end":{"line":22,"column":10}}]}},"b":{"0":[18],"1":[49]},"fnMap":{"0":{"name":"List","decl":{"start":{"line":11,"column":29},"end":{"line":26,"column":2}},"loc":{"start":{"line":11,"column":29},"end":{"line":26,"column":2}},"line":11}},"f":{"0":18}}
,"/home/serhii/test-weismann/src/molecules/productActions/ProductActions.tsx": {"path":"/home/serhii/test-weismann/src/molecules/productActions/ProductActions.tsx","all":false,"statementMap":{"0":{"start":{"line":1,"column":0},"end":{"line":1,"column":26}},"1":{"start":{"line":2,"column":0},"end":{"line":2,"column":47}},"2":{"start":{"line":3,"column":0},"end":{"line":3,"column":0}},"3":{"start":{"line":4,"column":0},"end":{"line":4,"column":38}},"4":{"start":{"line":5,"column":0},"end":{"line":5,"column":21}},"5":{"start":{"line":6,"column":0},"end":{"line":6,"column":21}},"6":{"start":{"line":7,"column":0},"end":{"line":7,"column":24}},"7":{"start":{"line":8,"column":0},"end":{"line":8,"column":1}},"8":{"start":{"line":9,"column":0},"end":{"line":9,"column":0}},"9":{"start":{"line":10,"column":0},"end":{"line":10,"column":56}},"10":{"start":{"line":11,"column":0},"end":{"line":11,"column":8}},"11":{"start":{"line":12,"column":0},"end":{"line":12,"column":8}},"12":{"start":{"line":13,"column":0},"end":{"line":13,"column":11}},"13":{"start":{"line":14,"column":0},"end":{"line":14,"column":7}},"14":{"start":{"line":15,"column":0},"end":{"line":15,"column":10}},"15":{"start":{"line":16,"column":0},"end":{"line":16,"column":26}},"16":{"start":{"line":17,"column":0},"end":{"line":17,"column":72}},"17":{"start":{"line":18,"column":0},"end":{"line":18,"column":55}},"18":{"start":{"line":19,"column":0},"end":{"line":19,"column":64}},"19":{"start":{"line":20,"column":0},"end":{"line":20,"column":10}},"20":{"start":{"line":21,"column":0},"end":{"line":21,"column":4}},"21":{"start":{"line":22,"column":0},"end":{"line":22,"column":2}},"22":{"start":{"line":23,"column":0},"end":{"line":23,"column":0}},"23":{"start":{"line":24,"column":0},"end":{"line":24,"column":30}}},"s":{"0":1,"1":1,"2":1,"3":1,"4":1,"5":1,"6":1,"7":1,"8":1,"9":1,"10":20,"11":20,"12":20,"13":20,"14":20,"15":20,"16":20,"17":20,"18":20,"19":20,"20":20,"21":20,"22":1,"23":1},"branchMap":{"0":{"type":"branch","line":10,"loc":{"start":{"line":10,"column":54},"end":{"line":22,"column":2}},"locations":[{"start":{"line":10,"column":54},"end":{"line":22,"column":2}}]},"1":{"type":"branch","line":17,"loc":{"start":{"line":17,"column":7},"end":{"line":17,"column":72}},"locations":[{"start":{"line":17,"column":7},"end":{"line":17,"column":72}}]},"2":{"type":"branch","line":18,"loc":{"start":{"line":18,"column":7},"end":{"line":18,"column":55}},"locations":[{"start":{"line":18,"column":7},"end":{"line":18,"column":55}}]},"3":{"type":"branch","line":19,"loc":{"start":{"line":19,"column":7},"end":{"line":19,"column":64}},"locations":[{"start":{"line":19,"column":7},"end":{"line":19,"column":64}}]}},"b":{"0":[20],"1":[9],"2":[9],"3":[8]},"fnMap":{"0":{"name":"ProductActions","decl":{"start":{"line":10,"column":54},"end":{"line":22,"column":2}},"loc":{"start":{"line":10,"column":54},"end":{"line":22,"column":2}},"line":10}},"f":{"0":20}}
,"/home/serhii/test-weismann/src/organisms/basketSection/BasketSection.tsx": {"path":"/home/serhii/test-weismann/src/organisms/basketSection/BasketSection.tsx","all":false,"statementMap":{"0":{"start":{"line":1,"column":0},"end":{"line":1,"column":34}},"1":{"start":{"line":2,"column":0},"end":{"line":2,"column":76}},"2":{"start":{"line":3,"column":0},"end":{"line":3,"column":75}},"3":{"start":{"line":4,"column":0},"end":{"line":4,"column":45}},"4":{"start":{"line":5,"column":0},"end":{"line":5,"column":0}},"5":{"start":{"line":6,"column":0},"end":{"line":6,"column":30}},"6":{"start":{"line":7,"column":0},"end":{"line":7,"column":26}},"7":{"start":{"line":8,"column":0},"end":{"line":8,"column":26}},"8":{"start":{"line":9,"column":0},"end":{"line":9,"column":43}},"9":{"start":{"line":10,"column":0},"end":{"line":10,"column":23}},"10":{"start":{"line":11,"column":0},"end":{"line":11,"column":1}},"11":{"start":{"line":12,"column":0},"end":{"line":12,"column":0}},"12":{"start":{"line":13,"column":0},"end":{"line":13,"column":48}},"13":{"start":{"line":14,"column":0},"end":{"line":14,"column":8}},"14":{"start":{"line":15,"column":0},"end":{"line":15,"column":16}},"15":{"start":{"line":16,"column":0},"end":{"line":16,"column":21}},"16":{"start":{"line":17,"column":0},"end":{"line":17,"column":11}},"17":{"start":{"line":18,"column":0},"end":{"line":18,"column":7}},"18":{"start":{"line":19,"column":0},"end":{"line":19,"column":10}},"19":{"start":{"line":20,"column":0},"end":{"line":20,"column":41}},"20":{"start":{"line":21,"column":0},"end":{"line":21,"column":62}},"21":{"start":{"line":22,"column":0},"end":{"line":22,"column":45}},"22":{"start":{"line":23,"column":0},"end":{"line":23,"column":46}},"23":{"start":{"line":24,"column":0},"end":{"line":24,"column":12}},"24":{"start":{"line":25,"column":0},"end":{"line":25,"column":11}},"25":{"start":{"line":26,"column":0},"end":{"line":26,"column":21}},"26":{"start":{"line":27,"column":0},"end":{"line":27,"column":37}},"27":{"start":{"line":28,"column":0},"end":{"line":28,"column":47}},"28":{"start":{"line":29,"column":0},"end":{"line":29,"column":8}},"29":{"start":{"line":30,"column":0},"end":{"line":30,"column":10}},"30":{"start":{"line":31,"column":0},"end":{"line":31,"column":4}},"31":{"start":{"line":32,"column":0},"end":{"line":32,"column":2}},"32":{"start":{"line":33,"column":0},"end":{"line":33,"column":0}},"33":{"start":{"line":34,"column":0},"end":{"line":34,"column":29}}},"s":{"0":1,"1":1,"2":1,"3":1,"4":1,"5":1,"6":1,"7":1,"8":1,"9":1,"10":1,"11":1,"12":1,"13":6,"14":6,"15":6,"16":6,"17":6,"18":6,"19":6,"20":6,"21":6,"22":6,"23":6,"24":6,"25":6,"26":6,"27":6,"28":6,"29":6,"30":6,"31":6,"32":1,"33":1},"branchMap":{"0":{"type":"branch","line":13,"loc":{"start":{"line":13,"column":46},"end":{"line":32,"column":2}},"locations":[{"start":{"line":13,"column":46},"end":{"line":32,"column":2}}]}},"b":{"0":[6]},"fnMap":{"0":{"name":"BasketSection","decl":{"start":{"line":13,"column":46},"end":{"line":32,"column":2}},"loc":{"start":{"line":13,"column":46},"end":{"line":32,"column":2}},"line":13}},"f":{"0":6}}
,"/home/serhii/test-weismann/src/organisms/inventorySection/InventorySection.tsx": {"path":"/home/serhii/test-weismann/src/organisms/inventorySection/InventorySection.tsx","all":false,"statementMap":{"0":{"start":{"line":1,"column":0},"end":{"line":1,"column":34}},"1":{"start":{"line":2,"column":0},"end":{"line":2,"column":76}},"2":{"start":{"line":3,"column":0},"end":{"line":3,"column":75}},"3":{"start":{"line":4,"column":0},"end":{"line":4,"column":45}},"4":{"start":{"line":5,"column":0},"end":{"line":5,"column":0}},"5":{"start":{"line":6,"column":0},"end":{"line":6,"column":33}},"6":{"start":{"line":7,"column":0},"end":{"line":7,"column":26}},"7":{"start":{"line":8,"column":0},"end":{"line":8,"column":26}},"8":{"start":{"line":9,"column":0},"end":{"line":9,"column":43}},"9":{"start":{"line":10,"column":0},"end":{"line":10,"column":20}},"10":{"start":{"line":11,"column":0},"end":{"line":11,"column":20}},"11":{"start":{"line":12,"column":0},"end":{"line":12,"column":1}},"12":{"start":{"line":13,"column":0},"end":{"line":13,"column":0}},"13":{"start":{"line":14,"column":0},"end":{"line":14,"column":54}},"14":{"start":{"line":15,"column":0},"end":{"line":15,"column":8}},"15":{"start":{"line":16,"column":0},"end":{"line":16,"column":16}},"16":{"start":{"line":17,"column":0},"end":{"line":17,"column":21}},"17":{"start":{"line":18,"column":0},"end":{"line":18,"column":8}},"18":{"start":{"line":19,"column":0},"end":{"line":19,"column":8}},"19":{"start":{"line":20,"column":0},"end":{"line":20,"column":7}},"20":{"start":{"line":21,"column":0},"end":{"line":21,"column":10}},"21":{"start":{"line":22,"column":0},"end":{"line":22,"column":41}},"22":{"start":{"line":23,"column":0},"end":{"line":23,"column":62}},"23":{"start":{"line":24,"column":0},"end":{"line":24,"column":48}},"24":{"start":{"line":25,"column":0},"end":{"line":25,"column":54}},"25":{"start":{"line":26,"column":0},"end":{"line":26,"column":12}},"26":{"start":{"line":27,"column":0},"end":{"line":27,"column":11}},"27":{"start":{"line":28,"column":0},"end":{"line":28,"column":21}},"28":{"start":{"line":29,"column":0},"end":{"line":29,"column":37}},"29":{"start":{"line":30,"column":0},"end":{"line":30,"column":47}},"30":{"start":{"line":31,"column":0},"end":{"line":31,"column":8}},"31":{"start":{"line":32,"column":0},"end":{"line":32,"column":10}},"32":{"start":{"line":33,"column":0},"end":{"line":33,"column":4}},"33":{"start":{"line":34,"column":0},"end":{"line":34,"column":2}},"34":{"start":{"line":35,"column":0},"end":{"line":35,"column":0}},"35":{"start":{"line":36,"column":0},"end":{"line":36,"column":32}}},"s":{"0":1,"1":1,"2":1,"3":1,"4":1,"5":1,"6":1,"7":1,"8":1,"9":1,"10":1,"11":1,"12":1,"13":1,"14":7,"15":7,"16":7,"17":7,"18":7,"19":7,"20":7,"21":7,"22":7,"23":7,"24":7,"25":7,"26":7,"27":7,"28":7,"29":7,"30":7,"31":7,"32":7,"33":7,"34":1,"35":1},"branchMap":{"0":{"type":"branch","line":14,"loc":{"start":{"line":14,"column":52},"end":{"line":34,"column":2}},"locations":[{"start":{"line":14,"column":52},"end":{"line":34,"column":2}}]}},"b":{"0":[7]},"fnMap":{"0":{"name":"InventorySection","decl":{"start":{"line":14,"column":52},"end":{"line":34,"column":2}},"loc":{"start":{"line":14,"column":52},"end":{"line":34,"column":2}},"line":14}},"f":{"0":7}}
,"/home/serhii/test-weismann/src/organisms/newInventoryModal/NewInventoryModal.tsx": {"path":"/home/serhii/test-weismann/src/organisms/newInventoryModal/NewInventoryModal.tsx","all":false,"statementMap":{"0":{"start":{"line":1,"column":0},"end":{"line":1,"column":55}},"1":{"start":{"line":2,"column":0},"end":{"line":2,"column":54}},"2":{"start":{"line":3,"column":0},"end":{"line":3,"column":47}},"3":{"start":{"line":4,"column":0},"end":{"line":4,"column":0}},"4":{"start":{"line":5,"column":0},"end":{"line":5,"column":34}},"5":{"start":{"line":6,"column":0},"end":{"line":6,"column":18}},"6":{"start":{"line":7,"column":0},"end":{"line":7,"column":22}},"7":{"start":{"line":8,"column":0},"end":{"line":8,"column":37}},"8":{"start":{"line":9,"column":0},"end":{"line":9,"column":1}},"9":{"start":{"line":10,"column":0},"end":{"line":10,"column":0}},"10":{"start":{"line":11,"column":0},"end":{"line":11,"column":56}},"11":{"start":{"line":12,"column":0},"end":{"line":12,"column":9}},"12":{"start":{"line":13,"column":0},"end":{"line":13,"column":10}},"13":{"start":{"line":14,"column":0},"end":{"line":14,"column":8}},"14":{"start":{"line":15,"column":0},"end":{"line":15,"column":7}},"15":{"start":{"line":16,"column":0},"end":{"line":16,"column":49}},"16":{"start":{"line":17,"column":0},"end":{"line":17,"column":24}},"17":{"start":{"line":18,"column":0},"end":{"line":18,"column":0}},"18":{"start":{"line":19,"column":0},"end":{"line":19,"column":42}},"19":{"start":{"line":20,"column":0},"end":{"line":20,"column":23}},"20":{"start":{"line":21,"column":0},"end":{"line":21,"column":23}},"21":{"start":{"line":22,"column":0},"end":{"line":22,"column":34}},"22":{"start":{"line":23,"column":0},"end":{"line":23,"column":19}},"23":{"start":{"line":24,"column":0},"end":{"line":24,"column":16}},"24":{"start":{"line":25,"column":0},"end":{"line":25,"column":5}},"25":{"start":{"line":26,"column":0},"end":{"line":26,"column":4}},"26":{"start":{"line":27,"column":0},"end":{"line":27,"column":0}},"27":{"start":{"line":28,"column":0},"end":{"line":28,"column":27}},"28":{"start":{"line":29,"column":0},"end":{"line":29,"column":0}},"29":{"start":{"line":30,"column":0},"end":{"line":30,"column":10}},"30":{"start":{"line":31,"column":0},"end":{"line":31,"column":73}},"31":{"start":{"line":32,"column":0},"end":{"line":32,"column":10}},"32":{"start":{"line":33,"column":0},"end":{"line":33,"column":56}},"33":{"start":{"line":34,"column":0},"end":{"line":34,"column":25}},"34":{"start":{"line":35,"column":0},"end":{"line":35,"column":13}},"35":{"start":{"line":36,"column":0},"end":{"line":36,"column":0}},"36":{"start":{"line":37,"column":0},"end":{"line":37,"column":71}},"37":{"start":{"line":38,"column":0},"end":{"line":38,"column":59}},"38":{"start":{"line":39,"column":0},"end":{"line":39,"column":38}},"39":{"start":{"line":40,"column":0},"end":{"line":40,"column":32}},"40":{"start":{"line":41,"column":0},"end":{"line":41,"column":18}},"41":{"start":{"line":42,"column":0},"end":{"line":42,"column":25}},"42":{"start":{"line":43,"column":0},"end":{"line":43,"column":24}},"43":{"start":{"line":44,"column":0},"end":{"line":44,"column":27}},"44":{"start":{"line":45,"column":0},"end":{"line":45,"column":56}},"45":{"start":{"line":46,"column":0},"end":{"line":46,"column":57}},"46":{"start":{"line":47,"column":0},"end":{"line":47,"column":42}},"47":{"start":{"line":48,"column":0},"end":{"line":48,"column":14}},"48":{"start":{"line":49,"column":0},"end":{"line":49,"column":16}},"49":{"start":{"line":50,"column":0},"end":{"line":50,"column":44}},"50":{"start":{"line":51,"column":0},"end":{"line":51,"column":19}},"51":{"start":{"line":52,"column":0},"end":{"line":52,"column":28}},"52":{"start":{"line":53,"column":0},"end":{"line":53,"column":69}},"53":{"start":{"line":54,"column":0},"end":{"line":54,"column":31}},"54":{"start":{"line":55,"column":0},"end":{"line":55,"column":14}},"55":{"start":{"line":56,"column":0},"end":{"line":56,"column":48}},"56":{"start":{"line":57,"column":0},"end":{"line":57,"column":16}},"57":{"start":{"line":58,"column":0},"end":{"line":58,"column":15}},"58":{"start":{"line":59,"column":0},"end":{"line":59,"column":12}},"59":{"start":{"line":60,"column":0},"end":{"line":60,"column":10}},"60":{"start":{"line":61,"column":0},"end":{"line":61,"column":4}},"61":{"start":{"line":62,"column":0},"end":{"line":62,"column":2}},"62":{"start":{"line":63,"column":0},"end":{"line":63,"column":0}},"63":{"start":{"line":64,"column":0},"end":{"line":64,"column":33}}},"s":{"0":1,"1":1,"2":1,"3":1,"4":1,"5":1,"6":1,"7":1,"8":1,"9":1,"10":1,"11":7,"12":7,"13":7,"14":7,"15":7,"16":7,"17":7,"18":7,"19":1,"20":1,"21":1,"22":1,"23":1,"24":1,"25":1,"26":7,"27":7,"28":5,"29":5,"30":5,"31":5,"32":5,"33":5,"34":5,"35":5,"36":5,"37":5,"38":5,"39":5,"40":5,"41":5,"42":5,"43":5,"44":5,"45":5,"46":5,"47":5,"48":5,"49":5,"50":5,"51":5,"52":5,"53":5,"54":5,"55":5,"56":5,"57":5,"58":5,"59":5,"60":5,"61":5,"62":1,"63":1},"branchMap":{"0":{"type":"branch","line":11,"loc":{"start":{"line":11,"column":54},"end":{"line":62,"column":2}},"locations":[{"start":{"line":11,"column":54},"end":{"line":62,"column":2}}]},"1":{"type":"branch","line":28,"loc":{"start":{"line":28,"column":15},"end":{"line":28,"column":27}},"locations":[{"start":{"line":28,"column":15},"end":{"line":28,"column":27}}]},"2":{"type":"branch","line":28,"loc":{"start":{"line":28,"column":22},"end":{"line":62,"column":2}},"locations":[{"start":{"line":28,"column":22},"end":{"line":62,"column":2}}]},"3":{"type":"branch","line":19,"loc":{"start":{"line":19,"column":23},"end":{"line":26,"column":4}},"locations":[{"start":{"line":19,"column":23},"end":{"line":26,"column":4}}]},"4":{"type":"branch","line":45,"loc":{"start":{"line":45,"column":24},"end":{"line":45,"column":56}},"locations":[{"start":{"line":45,"column":24},"end":{"line":45,"column":56}}]}},"b":{"0":[7],"1":[2],"2":[5],"3":[1],"4":[1]},"fnMap":{"0":{"name":"NewInventoryModal","decl":{"start":{"line":11,"column":54},"end":{"line":62,"column":2}},"loc":{"start":{"line":11,"column":54},"end":{"line":62,"column":2}},"line":11},"1":{"name":"handleSubmit","decl":{"start":{"line":19,"column":23},"end":{"line":26,"column":4}},"loc":{"start":{"line":19,"column":23},"end":{"line":26,"column":4}},"line":19},"2":{"name":"onChange","decl":{"start":{"line":45,"column":24},"end":{"line":45,"column":56}},"loc":{"start":{"line":45,"column":24},"end":{"line":45,"column":56}},"line":45}},"f":{"0":7,"1":1,"2":1}}
,"/home/serhii/test-weismann/src/pages/products/Products.tsx": {"path":"/home/serhii/test-weismann/src/pages/products/Products.tsx","all":false,"statementMap":{"0":{"start":{"line":1,"column":0},"end":{"line":1,"column":44}},"1":{"start":{"line":2,"column":0},"end":{"line":2,"column":64}},"2":{"start":{"line":3,"column":0},"end":{"line":3,"column":81}},"3":{"start":{"line":4,"column":0},"end":{"line":4,"column":63}},"4":{"start":{"line":5,"column":0},"end":{"line":5,"column":45}},"5":{"start":{"line":6,"column":0},"end":{"line":6,"column":53}},"6":{"start":{"line":7,"column":0},"end":{"line":7,"column":84}},"7":{"start":{"line":8,"column":0},"end":{"line":8,"column":20}},"8":{"start":{"line":9,"column":0},"end":{"line":9,"column":13}},"9":{"start":{"line":10,"column":0},"end":{"line":10,"column":16}},"10":{"start":{"line":11,"column":0},"end":{"line":11,"column":16}},"11":{"start":{"line":12,"column":0},"end":{"line":12,"column":1}},"12":{"start":{"line":13,"column":0},"end":{"line":13,"column":0}},"13":{"start":{"line":14,"column":0},"end":{"line":14,"column":28}},"14":{"start":{"line":15,"column":0},"end":{"line":15,"column":33}},"15":{"start":{"line":16,"column":0},"end":{"line":16,"column":51}},"16":{"start":{"line":17,"column":0},"end":{"line":17,"column":63}},"17":{"start":{"line":18,"column":0},"end":{"line":18,"column":80}},"18":{"start":{"line":19,"column":0},"end":{"line":19,"column":70}},"19":{"start":{"line":20,"column":0},"end":{"line":20,"column":25}},"20":{"start":{"line":21,"column":0},"end":{"line":21,"column":39}},"21":{"start":{"line":22,"column":0},"end":{"line":22,"column":57}},"22":{"start":{"line":23,"column":0},"end":{"line":23,"column":47}},"23":{"start":{"line":24,"column":0},"end":{"line":24,"column":61}},"24":{"start":{"line":25,"column":0},"end":{"line":25,"column":4}},"25":{"start":{"line":26,"column":0},"end":{"line":26,"column":27}},"26":{"start":{"line":27,"column":0},"end":{"line":27,"column":30}},"27":{"start":{"line":28,"column":0},"end":{"line":28,"column":0}},"28":{"start":{"line":29,"column":0},"end":{"line":29,"column":37}},"29":{"start":{"line":30,"column":0},"end":{"line":30,"column":70}},"30":{"start":{"line":31,"column":0},"end":{"line":31,"column":29}},"31":{"start":{"line":32,"column":0},"end":{"line":32,"column":36}},"32":{"start":{"line":33,"column":0},"end":{"line":33,"column":14}},"33":{"start":{"line":34,"column":0},"end":{"line":34,"column":67}},"34":{"start":{"line":35,"column":0},"end":{"line":35,"column":22}},"35":{"start":{"line":36,"column":0},"end":{"line":36,"column":24}},"36":{"start":{"line":37,"column":0},"end":{"line":37,"column":27}},"37":{"start":{"line":38,"column":0},"end":{"line":38,"column":33}},"38":{"start":{"line":39,"column":0},"end":{"line":39,"column":21}},"39":{"start":{"line":40,"column":0},"end":{"line":40,"column":13}},"40":{"start":{"line":41,"column":0},"end":{"line":41,"column":9}},"41":{"start":{"line":42,"column":0},"end":{"line":42,"column":7}},"42":{"start":{"line":43,"column":0},"end":{"line":43,"column":5}},"43":{"start":{"line":44,"column":0},"end":{"line":44,"column":0}},"44":{"start":{"line":45,"column":0},"end":{"line":45,"column":21}},"45":{"start":{"line":46,"column":0},"end":{"line":46,"column":21}},"46":{"start":{"line":47,"column":0},"end":{"line":47,"column":4}},"47":{"start":{"line":48,"column":0},"end":{"line":48,"column":32}},"48":{"start":{"line":49,"column":0},"end":{"line":49,"column":25}},"49":{"start":{"line":50,"column":0},"end":{"line":50,"column":69}},"50":{"start":{"line":51,"column":0},"end":{"line":51,"column":6}},"51":{"start":{"line":52,"column":0},"end":{"line":52,"column":25}},"52":{"start":{"line":53,"column":0},"end":{"line":53,"column":4}},"53":{"start":{"line":54,"column":0},"end":{"line":54,"column":69}},"54":{"start":{"line":55,"column":0},"end":{"line":55,"column":10}},"55":{"start":{"line":56,"column":0},"end":{"line":56,"column":6}},"56":{"start":{"line":57,"column":0},"end":{"line":57,"column":23}},"57":{"start":{"line":58,"column":0},"end":{"line":58,"column":35}},"58":{"start":{"line":59,"column":0},"end":{"line":59,"column":46}},"59":{"start":{"line":60,"column":0},"end":{"line":60,"column":53}},"60":{"start":{"line":61,"column":0},"end":{"line":61,"column":31}},"61":{"start":{"line":62,"column":0},"end":{"line":62,"column":53}},"62":{"start":{"line":63,"column":0},"end":{"line":63,"column":24}},"63":{"start":{"line":64,"column":0},"end":{"line":64,"column":45}},"64":{"start":{"line":65,"column":0},"end":{"line":65,"column":52}},"65":{"start":{"line":66,"column":0},"end":{"line":66,"column":41}},"66":{"start":{"line":67,"column":0},"end":{"line":67,"column":36}},"67":{"start":{"line":68,"column":0},"end":{"line":68,"column":8}},"68":{"start":{"line":69,"column":0},"end":{"line":69,"column":24}},"69":{"start":{"line":70,"column":0},"end":{"line":70,"column":28}},"70":{"start":{"line":71,"column":0},"end":{"line":71,"column":43}},"71":{"start":{"line":72,"column":0},"end":{"line":72,"column":38}},"72":{"start":{"line":73,"column":0},"end":{"line":73,"column":8}},"73":{"start":{"line":74,"column":0},"end":{"line":74,"column":7}},"74":{"start":{"line":75,"column":0},"end":{"line":75,"column":4}},"75":{"start":{"line":76,"column":0},"end":{"line":76,"column":2}},"76":{"start":{"line":77,"column":0},"end":{"line":77,"column":0}},"77":{"start":{"line":78,"column":0},"end":{"line":78,"column":24}}},"s":{"0":1,"1":1,"2":1,"3":1,"4":1,"5":1,"6":1,"7":1,"8":1,"9":1,"10":1,"11":1,"12":1,"13":1,"14":1,"15":1,"16":1,"17":1,"18":1,"19":1,"20":1,"21":1,"22":0,"23":0,"24":0,"25":1,"26":0,"27":0,"28":0,"29":0,"30":0,"31":0,"32":0,"33":0,"34":0,"35":0,"36":0,"37":0,"38":0,"39":0,"40":0,"41":0,"42":0,"43":0,"44":0,"45":0,"46":0,"47":1,"48":0,"49":0,"50":0,"51":0,"52":0,"53":1,"54":1,"55":1,"56":1,"57":1,"58":1,"59":1,"60":1,"61":1,"62":1,"63":1,"64":1,"65":1,"66":1,"67":1,"68":1,"69":1,"70":1,"71":1,"72":1,"73":1,"74":1,"75":1,"76":1,"77":1},"branchMap":{"0":{"type":"branch","line":14,"loc":{"start":{"line":14,"column":21},"end":{"line":76,"column":2}},"locations":[{"start":{"line":14,"column":21},"end":{"line":76,"column":2}}]},"1":{"type":"branch","line":58,"loc":{"start":{"line":58,"column":24},"end":{"line":58,"column":35}},"locations":[{"start":{"line":58,"column":24},"end":{"line":58,"column":35}}]}},"b":{"0":[1],"1":[0]},"fnMap":{"0":{"name":"Products","decl":{"start":{"line":14,"column":21},"end":{"line":76,"column":2}},"loc":{"start":{"line":14,"column":21},"end":{"line":76,"column":2}},"line":14},"1":{"name":"handleNewInventoryItem","decl":{"start":{"line":22,"column":33},"end":{"line":25,"column":4}},"loc":{"start":{"line":22,"column":33},"end":{"line":25,"column":4}},"line":22},"2":{"name":"addToCart","decl":{"start":{"line":26,"column":20},"end":{"line":47,"column":4}},"loc":{"start":{"line":26,"column":20},"end":{"line":47,"column":4}},"line":26},"3":{"name":"removeFromCart","decl":{"start":{"line":48,"column":25},"end":{"line":53,"column":4}},"loc":{"start":{"line":48,"column":25},"end":{"line":53,"column":4}},"line":48},"4":{"name":"onNewInventoryItem","decl":{"start":{"line":62,"column":28},"end":{"line":62,"column":53}},"loc":{"start":{"line":62,"column":28},"end":{"line":62,"column":53}},"line":62},"5":{"name":"onClose","decl":{"start":{"line":71,"column":17},"end":{"line":71,"column":43}},"loc":{"start":{"line":71,"column":17},"end":{"line":71,"column":43}},"line":71}},"f":{"0":1,"1":0,"2":0,"3":0,"4":0,"5":0}}
,"/home/serhii/test-weismann/src/templates/shoppingTemplate/ShoppingTemplate.tsx": {"path":"/home/serhii/test-weismann/src/templates/shoppingTemplate/ShoppingTemplate.tsx","all":false,"statementMap":{"0":{"start":{"line":1,"column":0},"end":{"line":1,"column":27}},"1":{"start":{"line":2,"column":0},"end":{"line":2,"column":76}},"2":{"start":{"line":3,"column":0},"end":{"line":3,"column":81}},"3":{"start":{"line":4,"column":0},"end":{"line":4,"column":72}},"4":{"start":{"line":5,"column":0},"end":{"line":5,"column":0}},"5":{"start":{"line":6,"column":0},"end":{"line":6,"column":34}},"6":{"start":{"line":7,"column":0},"end":{"line":7,"column":35}},"7":{"start":{"line":8,"column":0},"end":{"line":8,"column":35}},"8":{"start":{"line":9,"column":0},"end":{"line":9,"column":52}},"9":{"start":{"line":10,"column":0},"end":{"line":10,"column":26}},"10":{"start":{"line":11,"column":0},"end":{"line":11,"column":33}},"11":{"start":{"line":12,"column":0},"end":{"line":12,"column":0}},"12":{"start":{"line":13,"column":0},"end":{"line":13,"column":30}},"13":{"start":{"line":14,"column":0},"end":{"line":14,"column":30}},"14":{"start":{"line":15,"column":0},"end":{"line":15,"column":47}},"15":{"start":{"line":16,"column":0},"end":{"line":16,"column":31}},"16":{"start":{"line":17,"column":0},"end":{"line":17,"column":0}},"17":{"start":{"line":18,"column":0},"end":{"line":18,"column":26}},"18":{"start":{"line":19,"column":0},"end":{"line":19,"column":1}},"19":{"start":{"line":20,"column":0},"end":{"line":20,"column":0}},"20":{"start":{"line":21,"column":0},"end":{"line":21,"column":55}},"21":{"start":{"line":22,"column":0},"end":{"line":22,"column":17}},"22":{"start":{"line":23,"column":0},"end":{"line":23,"column":25}},"23":{"start":{"line":24,"column":0},"end":{"line":24,"column":30}},"24":{"start":{"line":25,"column":0},"end":{"line":25,"column":14}},"25":{"start":{"line":26,"column":0},"end":{"line":26,"column":21}},"26":{"start":{"line":27,"column":0},"end":{"line":27,"column":0}},"27":{"start":{"line":28,"column":0},"end":{"line":28,"column":12}},"28":{"start":{"line":29,"column":0},"end":{"line":29,"column":20}},"29":{"start":{"line":30,"column":0},"end":{"line":30,"column":25}},"30":{"start":{"line":31,"column":0},"end":{"line":31,"column":19}},"31":{"start":{"line":32,"column":0},"end":{"line":32,"column":0}},"32":{"start":{"line":33,"column":0},"end":{"line":33,"column":18}},"33":{"start":{"line":34,"column":0},"end":{"line":34,"column":7}},"34":{"start":{"line":35,"column":0},"end":{"line":35,"column":10}},"35":{"start":{"line":36,"column":0},"end":{"line":36,"column":83}},"36":{"start":{"line":37,"column":0},"end":{"line":37,"column":49}},"37":{"start":{"line":38,"column":0},"end":{"line":38,"column":25}},"38":{"start":{"line":39,"column":0},"end":{"line":39,"column":32}},"39":{"start":{"line":40,"column":0},"end":{"line":40,"column":48}},"40":{"start":{"line":41,"column":0},"end":{"line":41,"column":58}},"41":{"start":{"line":42,"column":0},"end":{"line":42,"column":29}},"42":{"start":{"line":43,"column":0},"end":{"line":43,"column":36}},"43":{"start":{"line":44,"column":0},"end":{"line":44,"column":10}},"44":{"start":{"line":45,"column":0},"end":{"line":45,"column":0}},"45":{"start":{"line":46,"column":0},"end":{"line":46,"column":22}},"46":{"start":{"line":47,"column":0},"end":{"line":47,"column":27}},"47":{"start":{"line":48,"column":0},"end":{"line":48,"column":43}},"48":{"start":{"line":49,"column":0},"end":{"line":49,"column":53}},"49":{"start":{"line":50,"column":0},"end":{"line":50,"column":37}},"50":{"start":{"line":51,"column":0},"end":{"line":51,"column":10}},"51":{"start":{"line":52,"column":0},"end":{"line":52,"column":12}},"52":{"start":{"line":53,"column":0},"end":{"line":53,"column":0}},"53":{"start":{"line":54,"column":0},"end":{"line":54,"column":83}},"54":{"start":{"line":55,"column":0},"end":{"line":55,"column":32}},"55":{"start":{"line":56,"column":0},"end":{"line":56,"column":12}},"56":{"start":{"line":57,"column":0},"end":{"line":57,"column":10}},"57":{"start":{"line":58,"column":0},"end":{"line":58,"column":4}},"58":{"start":{"line":59,"column":0},"end":{"line":59,"column":2}},"59":{"start":{"line":60,"column":0},"end":{"line":60,"column":0}},"60":{"start":{"line":61,"column":0},"end":{"line":61,"column":32}}},"s":{"0":1,"1":1,"2":1,"3":1,"4":1,"5":1,"6":1,"7":1,"8":1,"9":1,"10":1,"11":1,"12":1,"13":1,"14":1,"15":1,"16":1,"17":1,"18":1,"19":1,"20":1,"21":1,"22":1,"23":1,"24":1,"25":1,"26":1,"27":1,"28":1,"29":1,"30":1,"31":1,"32":1,"33":1,"34":1,"35":1,"36":1,"37":1,"38":1,"39":1,"40":1,"41":1,"42":1,"43":1,"44":1,"45":1,"46":1,"47":1,"48":1,"49":1,"50":1,"51":1,"52":1,"53":1,"54":1,"55":1,"56":1,"57":1,"58":1,"59":1,"60":1},"branchMap":{"0":{"type":"branch","line":21,"loc":{"start":{"line":21,"column":53},"end":{"line":59,"column":2}},"locations":[{"start":{"line":21,"column":53},"end":{"line":59,"column":2}}]}},"b":{"0":[1]},"fnMap":{"0":{"name":"ShoppingTemplate","decl":{"start":{"line":21,"column":53},"end":{"line":59,"column":2}},"loc":{"start":{"line":21,"column":53},"end":{"line":59,"column":2}},"line":21}},"f":{"0":1}}
}
